<?xml version="1.0" encoding="UTF-8"?>
<testng-results ignored="0" total="1" passed="1" failed="0" skipped="0">
  <reporter-output>
  </reporter-output>
  <suite started-at="2023-02-13T18:46:36 EST" name="Default suite" finished-at="2023-02-13T18:46:52 EST" duration-ms="15436">
    <groups>
    </groups>
    <test started-at="2023-02-13T18:46:36 EST" name="Default test" finished-at="2023-02-13T18:46:52 EST" duration-ms="15436">
      <class name="com.salesforce.testing.LoginTest">
        <test-method signature="error_logIn()[pri:0, instance:com.salesforce.testing.LoginTest@57c758ac]" started-at="2023-02-13T18:46:37 EST" name="error_logIn" finished-at="2023-02-13T18:46:52 EST" duration-ms="15379" status="PASS">
          <reporter-output>
          </reporter-output>
        </test-method> <!-- error_logIn -->
      </class> <!-- com.salesforce.testing.LoginTest -->
    </test> <!-- Default test -->
  </suite> <!-- Default suite -->
</testng-results>
